0 info it worked if it ends with ok
1 verbose cli [ '/usr/local/bin/node',
1 verbose cli   '/usr/local/bin/npm',
1 verbose cli   'i',
1 verbose cli   '-g',
1 verbose cli   'phonegap' ]
2 info using npm@2.15.8
3 info using node@v4.4.7
4 verbose install initial load of /usr/local/lib/package.json
5 verbose readDependencies loading dependencies from /usr/local/lib/package.json
6 silly cache add args [ 'phonegap', null ]
7 verbose cache add spec phonegap
8 silly cache add parsed spec Result {
8 silly cache add   raw: 'phonegap',
8 silly cache add   scope: null,
8 silly cache add   name: 'phonegap',
8 silly cache add   rawSpec: '',
8 silly cache add   spec: 'latest',
8 silly cache add   type: 'tag' }
9 silly addNamed phonegap@latest
10 verbose addNamed "latest" is being treated as a dist-tag for phonegap
11 info addNameTag [ 'phonegap', 'latest' ]
12 silly mapToRegistry name phonegap
13 silly mapToRegistry using default registry
14 silly mapToRegistry registry https://registry.npmjs.org/
15 silly mapToRegistry data Result {
15 silly mapToRegistry   raw: 'phonegap',
15 silly mapToRegistry   scope: null,
15 silly mapToRegistry   name: 'phonegap',
15 silly mapToRegistry   rawSpec: '',
15 silly mapToRegistry   spec: 'latest',
15 silly mapToRegistry   type: 'tag' }
16 silly mapToRegistry uri https://registry.npmjs.org/phonegap
17 verbose addNameTag registry:https://registry.npmjs.org/phonegap not in flight; fetching
18 verbose request uri https://registry.npmjs.org/phonegap
19 verbose request no auth needed
20 info attempt registry request try #1 at 9:38:07 AM
21 verbose request id cd3c2b1eb7301ddc
22 verbose etag "AFQXGF8396MRCZCU3KPWVHMBV"
23 http request GET https://registry.npmjs.org/phonegap
24 http 200 https://registry.npmjs.org/phonegap
25 verbose headers { server: 'CouchDB/1.5.0 (Erlang OTP/R16B03)',
25 verbose headers   etag: '"83BDL3HDI7SG6A3RQCSEH437B"',
25 verbose headers   'content-type': 'application/json',
25 verbose headers   'content-encoding': 'gzip',
25 verbose headers   'cache-control': 'max-age=300',
25 verbose headers   'content-length': '29396',
25 verbose headers   'accept-ranges': 'bytes',
25 verbose headers   date: 'Mon, 03 Oct 2016 04:08:08 GMT',
25 verbose headers   via: '1.1 varnish',
25 verbose headers   age: '0',
25 verbose headers   connection: 'keep-alive',
25 verbose headers   'x-served-by': 'cache-sin6922-SIN',
25 verbose headers   'x-cache': 'HIT',
25 verbose headers   'x-cache-hits': '1',
25 verbose headers   'x-timer': 'S1475467688.120032,VS0,VE218',
25 verbose headers   vary: 'Accept-Encoding' }
26 silly get cb [ 200,
26 silly get   { server: 'CouchDB/1.5.0 (Erlang OTP/R16B03)',
26 silly get     etag: '"83BDL3HDI7SG6A3RQCSEH437B"',
26 silly get     'content-type': 'application/json',
26 silly get     'content-encoding': 'gzip',
26 silly get     'cache-control': 'max-age=300',
26 silly get     'content-length': '29396',
26 silly get     'accept-ranges': 'bytes',
26 silly get     date: 'Mon, 03 Oct 2016 04:08:08 GMT',
26 silly get     via: '1.1 varnish',
26 silly get     age: '0',
26 silly get     connection: 'keep-alive',
26 silly get     'x-served-by': 'cache-sin6922-SIN',
26 silly get     'x-cache': 'HIT',
26 silly get     'x-cache-hits': '1',
26 silly get     'x-timer': 'S1475467688.120032,VS0,VE218',
26 silly get     vary: 'Accept-Encoding' } ]
27 verbose get saving phonegap to /Users/fanikiran/.npm/registry.npmjs.org/phonegap/.cache.json
28 verbose correctMkdir /Users/fanikiran/.npm correctMkdir not in flight; initializing
29 silly addNameTag next cb for phonegap with tag latest
30 silly addNamed phonegap@6.3.3
31 verbose addNamed "6.3.3" is a plain semver version for phonegap
32 silly mapToRegistry name phonegap
33 silly mapToRegistry using default registry
34 silly mapToRegistry registry https://registry.npmjs.org/
35 silly mapToRegistry data Result {
35 silly mapToRegistry   raw: 'phonegap',
35 silly mapToRegistry   scope: null,
35 silly mapToRegistry   name: 'phonegap',
35 silly mapToRegistry   rawSpec: '',
35 silly mapToRegistry   spec: 'latest',
35 silly mapToRegistry   type: 'tag' }
36 silly mapToRegistry uri https://registry.npmjs.org/phonegap
37 verbose addRemoteTarball https://registry.npmjs.org/phonegap/-/phonegap-6.3.3.tgz not in flight; adding
38 verbose addRemoteTarball [ 'https://registry.npmjs.org/phonegap/-/phonegap-6.3.3.tgz',
38 verbose addRemoteTarball   '4cdc3b51b7ed6bcd6c984745f86041417536311c' ]
39 info retry fetch attempt 1 at 9:38:08 AM
40 info attempt registry request try #1 at 9:38:08 AM
41 http fetch GET https://registry.npmjs.org/phonegap/-/phonegap-6.3.3.tgz
42 http fetch 200 https://registry.npmjs.org/phonegap/-/phonegap-6.3.3.tgz
43 silly fetchAndShaCheck shasum 4cdc3b51b7ed6bcd6c984745f86041417536311c
44 verbose addTmpTarball /var/folders/j5/8qx2dq7j73zb6pghspwkr4rm0000gp/T/npm-58417-5e4b09e5/registry.npmjs.org/phonegap/-/phonegap-6.3.3.tgz not in flight; adding
45 verbose addTmpTarball already have metadata; skipping unpack for phonegap@6.3.3
46 verbose correctMkdir /Users/fanikiran/.npm correctMkdir not in flight; initializing
47 silly cache afterAdd phonegap@6.3.3
48 verbose afterAdd /Users/fanikiran/.npm/phonegap/6.3.3/package/package.json not in flight; writing
49 verbose correctMkdir /Users/fanikiran/.npm correctMkdir not in flight; initializing
50 verbose afterAdd /Users/fanikiran/.npm/phonegap/6.3.3/package/package.json written
51 silly install resolved [ { name: 'phonegap',
51 silly install resolved     description: 'PhoneGap command-line interface and node.js library.',
51 silly install resolved     version: '6.3.3',
51 silly install resolved     homepage: 'http://github.com/phonegap/phonegap-cli',
51 silly install resolved     repository:
51 silly install resolved      { type: 'git',
51 silly install resolved        url: 'git://github.com/phonegap/phonegap-cli.git' },
51 silly install resolved     keywords:
51 silly install resolved      [ 'cli',
51 silly install resolved        'cordova',
51 silly install resolved        'phonegap',
51 silly install resolved        'phonegap build',
51 silly install resolved        'phonegap/build' ],
51 silly install resolved     preferGlobal: 'true',
51 silly install resolved     main: './lib/main.js',
51 silly install resolved     bin: { phonegap: './bin/phonegap.js' },
51 silly install resolved     scripts: { test: 'node node_modules/jasmine-node/bin/jasmine-node --color spec' },
51 silly install resolved     engineStrict: 'true',
51 silly install resolved     engines: { node: '>=0.10.0' },
51 silly install resolved     dependencies:
51 silly install resolved      { colors: '0.6.0-1',
51 silly install resolved        'connect-phonegap': '0.23.1',
51 silly install resolved        cordova: '6.1.1',
51 silly install resolved        insight: '0.8.2',
51 silly install resolved        minimist: '0.1.0',
51 silly install resolved        opener: '1.4.1',
51 silly install resolved        'phonegap-build': '0.10.0',
51 silly install resolved        pluralize: '0.0.4',
51 silly install resolved        prompt: '0.2.11',
51 silly install resolved        'qrcode-terminal': '0.9.4',
51 silly install resolved        semver: '1.1.0',
51 silly install resolved        shelljs: '0.1.4',
51 silly install resolved        'update-notifier': '^0.6.0' },
51 silly install resolved     devDependencies: { 'jasmine-node': '1.14.5', chdir: '0.0.x' },
51 silly install resolved     optionalDependencies: {},
51 silly install resolved     contributors:
51 silly install resolved      [ [Object],
51 silly install resolved        [Object],
51 silly install resolved        [Object],
51 silly install resolved        [Object],
51 silly install resolved        [Object],
51 silly install resolved        [Object],
51 silly install resolved        [Object] ],
51 silly install resolved     templates:
51 silly install resolved      { blank: [Object],
51 silly install resolved        'csdk-image-editor': [Object],
51 silly install resolved        'hello-world': [Object],
51 silly install resolved        framework7: [Object],
51 silly install resolved        push: [Object],
51 silly install resolved        'react-hot-loader': [Object],
51 silly install resolved        'star-track': [Object],
51 silly install resolved        'wikitude-augmented-reality': [Object] },
51 silly install resolved     gitHead: 'a8ba7baf4e2083db96eaa9bc6e6a9ad29b3d8a14',
51 silly install resolved     bugs: { url: 'https://github.com/phonegap/phonegap-cli/issues' },
51 silly install resolved     _id: 'phonegap@6.3.3',
51 silly install resolved     _shasum: '4cdc3b51b7ed6bcd6c984745f86041417536311c',
51 silly install resolved     _from: 'phonegap@latest',
51 silly install resolved     _npmVersion: '2.14.2',
51 silly install resolved     _nodeVersion: '4.0.0',
51 silly install resolved     _npmUser: { name: 'timkim', email: 'timk@adobe.com' },
51 silly install resolved     maintainers:
51 silly install resolved      [ [Object],
51 silly install resolved        [Object],
51 silly install resolved        [Object],
51 silly install resolved        [Object],
51 silly install resolved        [Object],
51 silly install resolved        [Object],
51 silly install resolved        [Object] ],
51 silly install resolved     dist:
51 silly install resolved      { shasum: '4cdc3b51b7ed6bcd6c984745f86041417536311c',
51 silly install resolved        tarball: 'https://registry.npmjs.org/phonegap/-/phonegap-6.3.3.tgz' },
51 silly install resolved     _npmOperationalInternal:
51 silly install resolved      { host: 'packages-16-east.internal.npmjs.com',
51 silly install resolved        tmp: 'tmp/phonegap-6.3.3.tgz_1474325854690_0.20686261332593858' },
51 silly install resolved     directories: {},
51 silly install resolved     _resolved: 'https://registry.npmjs.org/phonegap/-/phonegap-6.3.3.tgz' } ]
52 info install phonegap@6.3.3 into /usr/local/lib
53 info installOne phonegap@6.3.3
54 verbose installOne of phonegap to /usr/local/lib not in flight; installing
55 verbose correctMkdir /Users/fanikiran/.npm/_locks correctMkdir not in flight; initializing
56 verbose lock using /Users/fanikiran/.npm/_locks/phonegap-e2bb9ce47409f16e.lock for /usr/local/lib/node_modules/phonegap
57 silly install write writing phonegap 6.3.3 to /usr/local/lib/node_modules/phonegap
58 verbose unbuild lib/node_modules/phonegap
59 info preuninstall phonegap@6.3.0
60 info uninstall phonegap@6.3.0
61 verbose unbuild rmStuff phonegap@6.3.0 from /usr/local/lib/node_modules
62 silly gentlyRm /usr/local/bin/phonegap is being gently removed
63 silly gentlyRm verifying /usr/local is an npm working directory
64 silly gentlyRm containing path /usr/local is under npm's control, in /usr/local
65 silly gentlyRm deletion target /usr/local/bin/phonegap is under /usr/local
66 verbose gentlyRm vacuuming from /usr/local/bin/phonegap up to /usr/local
67 silly vacuum-fs removing /usr/local/bin/phonegap
68 verbose unlock done using /Users/fanikiran/.npm/_locks/phonegap-e2bb9ce47409f16e.lock for /usr/local/lib/node_modules/phonegap
69 verbose stack Error: EACCES: permission denied, unlink '/usr/local/bin/phonegap'
69 verbose stack     at Error (native)
70 verbose cwd /Projects/Bhagavatam/NarasimhaVijayam
71 error Darwin 15.6.0
72 error argv "/usr/local/bin/node" "/usr/local/bin/npm" "i" "-g" "phonegap"
73 error node v4.4.7
74 error npm  v2.15.8
75 error path /usr/local/bin/phonegap
76 error code EACCES
77 error errno -13
78 error syscall unlink
79 error Error: EACCES: permission denied, unlink '/usr/local/bin/phonegap'
79 error     at Error (native)
79 error  { [Error: EACCES: permission denied, unlink '/usr/local/bin/phonegap']
79 error   errno: -13,
79 error   code: 'EACCES',
79 error   syscall: 'unlink',
79 error   path: '/usr/local/bin/phonegap' }
80 error Please try running this command again as root/Administrator.
81 verbose exit [ -13, true ]
82 verbose unbuild lib/node_modules/phonegap
83 info preuninstall phonegap@6.3.0
84 info uninstall phonegap@6.3.0
85 verbose unbuild rmStuff phonegap@6.3.0 from /usr/local/lib/node_modules
86 silly gentlyRm /usr/local/bin/phonegap is being gently removed
87 silly gentlyRm verifying /usr/local is an npm working directory
88 silly gentlyRm containing path /usr/local is under npm's control, in /usr/local
89 silly gentlyRm deletion target /usr/local/bin/phonegap is under /usr/local
90 verbose gentlyRm vacuuming from /usr/local/bin/phonegap up to /usr/local
91 silly vacuum-fs removing /usr/local/bin/phonegap
92 error error rolling back Error: EACCES: permission denied, unlink '/usr/local/bin/phonegap'
92 error error rolling back     at Error (native)
92 error error rolling back  { [Error: EACCES: permission denied, unlink '/usr/local/bin/phonegap']
92 error error rolling back   errno: -13,
92 error error rolling back   code: 'EACCES',
92 error error rolling back   syscall: 'unlink',
92 error error rolling back   path: '/usr/local/bin/phonegap' }
